Watching for file changes with StatReloader
"GET /invoices/ HTTP/1.1" 302 0
Internal Server Error: /login/
Traceback (most recent call last):
  File "C:\Users\loqmo\AppData\Local\Programs\Python\Python313\Lib\site-packages\django\core\handlers\exception.py", line 55, in inner
    response = get_response(request)
  File "C:\Users\loqmo\AppData\Local\Programs\Python\Python313\Lib\site-packages\django\core\handlers\base.py", line 197, in _get_response
    response = wrapped_callback(request, *callback_args, **callback_kwargs)
  File "C:\Users\loqmo\OneDrive\Desktop\Invoicemanagement\Invoice\views.py", line 60, in login_view
    return render(request, 'invoices/login.html', {'form': form})
  File "C:\Users\loqmo\AppData\Local\Programs\Python\Python313\Lib\site-packages\django\shortcuts.py", line 25, in render
    content = loader.render_to_string(template_name, context, request, using=using)
  File "C:\Users\loqmo\AppData\Local\Programs\Python\Python313\Lib\site-packages\django\template\loader.py", line 61, in render_to_string
    template = get_template(template_name, using=using)
  File "C:\Users\loqmo\AppData\Local\Programs\Python\Python313\Lib\site-packages\django\template\loader.py", line 19, in get_template
    raise TemplateDoesNotExist(template_name, chain=chain)
django.template.exceptions.TemplateDoesNotExist: invoices/login.html
"GET /login/?next=/invoices/ HTTP/1.1" 500 82505
Internal Server Error: /login/
Traceback (most recent call last):
  File "C:\Users\loqmo\AppData\Local\Programs\Python\Python313\Lib\site-packages\django\core\handlers\exception.py", line 55, in inner
    response = get_response(request)
  File "C:\Users\loqmo\AppData\Local\Programs\Python\Python313\Lib\site-packages\django\core\handlers\base.py", line 197, in _get_response
    response = wrapped_callback(request, *callback_args, **callback_kwargs)
  File "C:\Users\loqmo\OneDrive\Desktop\Invoicemanagement\Invoice\views.py", line 60, in login_view
    return render(request, 'invoices/login.html', {'form': form})
  File "C:\Users\loqmo\AppData\Local\Programs\Python\Python313\Lib\site-packages\django\shortcuts.py", line 25, in render
    content = loader.render_to_string(template_name, context, request, using=using)
  File "C:\Users\loqmo\AppData\Local\Programs\Python\Python313\Lib\site-packages\django\template\loader.py", line 61, in render_to_string
    template = get_template(template_name, using=using)
  File "C:\Users\loqmo\AppData\Local\Programs\Python\Python313\Lib\site-packages\django\template\loader.py", line 19, in get_template
    raise TemplateDoesNotExist(template_name, chain=chain)
django.template.exceptions.TemplateDoesNotExist: invoices/login.html
"GET /login/?next=/invoices/ HTTP/1.1" 500 82642
Internal Server Error: /login/
Traceback (most recent call last):
  File "C:\Users\loqmo\AppData\Local\Programs\Python\Python313\Lib\site-packages\django\core\handlers\exception.py", line 55, in inner
    response = get_response(request)
  File "C:\Users\loqmo\AppData\Local\Programs\Python\Python313\Lib\site-packages\django\core\handlers\base.py", line 197, in _get_response
    response = wrapped_callback(request, *callback_args, **callback_kwargs)
  File "C:\Users\loqmo\OneDrive\Desktop\Invoicemanagement\Invoice\views.py", line 60, in login_view
    return render(request, 'invoices/login.html', {'form': form})
  File "C:\Users\loqmo\AppData\Local\Programs\Python\Python313\Lib\site-packages\django\shortcuts.py", line 25, in render
    content = loader.render_to_string(template_name, context, request, using=using)
  File "C:\Users\loqmo\AppData\Local\Programs\Python\Python313\Lib\site-packages\django\template\loader.py", line 61, in render_to_string
    template = get_template(template_name, using=using)
  File "C:\Users\loqmo\AppData\Local\Programs\Python\Python313\Lib\site-packages\django\template\loader.py", line 19, in get_template
    raise TemplateDoesNotExist(template_name, chain=chain)
django.template.exceptions.TemplateDoesNotExist: invoices/login.html
"GET /login/ HTTP/1.1" 500 82059
Watching for file changes with StatReloader
Internal Server Error: /login/
Traceback (most recent call last):
  File "C:\Users\loqmo\AppData\Local\Programs\Python\Python313\Lib\site-packages\django\core\handlers\exception.py", line 55, in inner
    response = get_response(request)
  File "C:\Users\loqmo\AppData\Local\Programs\Python\Python313\Lib\site-packages\django\core\handlers\base.py", line 197, in _get_response
    response = wrapped_callback(request, *callback_args, **callback_kwargs)
  File "C:\Users\loqmo\OneDrive\Desktop\Invoicemanagement\Invoice\views.py", line 60, in login_view
    return render(request, 'invoices/login.html', {'form': form})
  File "C:\Users\loqmo\AppData\Local\Programs\Python\Python313\Lib\site-packages\django\shortcuts.py", line 25, in render
    content = loader.render_to_string(template_name, context, request, using=using)
  File "C:\Users\loqmo\AppData\Local\Programs\Python\Python313\Lib\site-packages\django\template\loader.py", line 61, in render_to_string
    template = get_template(template_name, using=using)
  File "C:\Users\loqmo\AppData\Local\Programs\Python\Python313\Lib\site-packages\django\template\loader.py", line 15, in get_template
    return engine.get_template(template_name)
           ~~~~~~~~~~~~~~~~~~~^^^^^^^^^^^^^^^
  File "C:\Users\loqmo\AppData\Local\Programs\Python\Python313\Lib\site-packages\django\template\backends\django.py", line 79, in get_template
    return Template(self.engine.get_template(template_name), self)
                    ~~~~~~~~~~~~~~~~~~~~~~~~^^^^^^^^^^^^^^^
  File "C:\Users\loqmo\AppData\Local\Programs\Python\Python313\Lib\site-packages\django\template\engine.py", line 177, in get_template
    template, origin = self.find_template(template_name)
                       ~~~~~~~~~~~~~~~~~~^^^^^^^^^^^^^^^
  File "C:\Users\loqmo\AppData\Local\Programs\Python\Python313\Lib\site-packages\django\template\engine.py", line 159, in find_template
    template = loader.get_template(name, skip=skip)
  File "C:\Users\loqmo\AppData\Local\Programs\Python\Python313\Lib\site-packages\django\template\loaders\cached.py", line 57, in get_template
    template = super().get_template(template_name, skip)
  File "C:\Users\loqmo\AppData\Local\Programs\Python\Python313\Lib\site-packages\django\template\loaders\base.py", line 28, in get_template
    return Template(
        contents,
    ...<2 lines>...
        self.engine,
    )
  File "C:\Users\loqmo\AppData\Local\Programs\Python\Python313\Lib\site-packages\django\template\base.py", line 154, in __init__
    self.nodelist = self.compile_nodelist()
                    ~~~~~~~~~~~~~~~~~~~~~^^
  File "C:\Users\loqmo\AppData\Local\Programs\Python\Python313\Lib\site-packages\django\template\base.py", line 196, in compile_nodelist
    nodelist = parser.parse()
  File "C:\Users\loqmo\AppData\Local\Programs\Python\Python313\Lib\site-packages\django\template\base.py", line 518, in parse
    raise self.error(token, e)
  File "C:\Users\loqmo\AppData\Local\Programs\Python\Python313\Lib\site-packages\django\template\base.py", line 516, in parse
    compiled_result = compile_func(self, token)
  File "C:\Users\loqmo\AppData\Local\Programs\Python\Python313\Lib\site-packages\django\template\loader_tags.py", line 299, in do_extends
    nodelist = parser.parse()
  File "C:\Users\loqmo\AppData\Local\Programs\Python\Python313\Lib\site-packages\django\template\base.py", line 518, in parse
    raise self.error(token, e)
  File "C:\Users\loqmo\AppData\Local\Programs\Python\Python313\Lib\site-packages\django\template\base.py", line 516, in parse
    compiled_result = compile_func(self, token)
  File "C:\Users\loqmo\AppData\Local\Programs\Python\Python313\Lib\site-packages\django\template\loader_tags.py", line 299, in do_extends
    nodelist = parser.parse()
  File "C:\Users\loqmo\AppData\Local\Programs\Python\Python313\Lib\site-packages\django\template\base.py", line 518, in parse
    raise self.error(token, e)
  File "C:\Users\loqmo\AppData\Local\Programs\Python\Python313\Lib\site-packages\django\template\base.py", line 516, in parse
    compiled_result = compile_func(self, token)
  File "C:\Users\loqmo\AppData\Local\Programs\Python\Python313\Lib\site-packages\django\template\loader_tags.py", line 228, in do_block
    raise TemplateSyntaxError(
        "'%s' tag with name '%s' appears more than once" % (bits[0], block_name)
    )
django.template.exceptions.TemplateSyntaxError: 'block' tag with name 'title' appears more than once
"GET /login/ HTTP/1.1" 500 228168
Internal Server Error: /login/
Traceback (most recent call last):
  File "C:\Users\loqmo\AppData\Local\Programs\Python\Python313\Lib\site-packages\django\core\handlers\exception.py", line 55, in inner
    response = get_response(request)
  File "C:\Users\loqmo\AppData\Local\Programs\Python\Python313\Lib\site-packages\django\core\handlers\base.py", line 197, in _get_response
    response = wrapped_callback(request, *callback_args, **callback_kwargs)
  File "C:\Users\loqmo\OneDrive\Desktop\Invoicemanagement\Invoice\views.py", line 60, in login_view
    return render(request, 'invoices/login.html', {'form': form})
  File "C:\Users\loqmo\AppData\Local\Programs\Python\Python313\Lib\site-packages\django\shortcuts.py", line 25, in render
    content = loader.render_to_string(template_name, context, request, using=using)
  File "C:\Users\loqmo\AppData\Local\Programs\Python\Python313\Lib\site-packages\django\template\loader.py", line 62, in render_to_string
    return template.render(context, request)
           ~~~~~~~~~~~~~~~^^^^^^^^^^^^^^^^^^
  File "C:\Users\loqmo\AppData\Local\Programs\Python\Python313\Lib\site-packages\django\template\backends\django.py", line 107, in render
    return self.template.render(context)
           ~~~~~~~~~~~~~~~~~~~~^^^^^^^^^
  File "C:\Users\loqmo\AppData\Local\Programs\Python\Python313\Lib\site-packages\django\template\base.py", line 171, in render
    return self._render(context)
           ~~~~~~~~~~~~^^^^^^^^^
  File "C:\Users\loqmo\AppData\Local\Programs\Python\Python313\Lib\site-packages\django\template\base.py", line 163, in _render
    return self.nodelist.render(context)
           ~~~~~~~~~~~~~~~~~~~~^^^^^^^^^
  File "C:\Users\loqmo\AppData\Local\Programs\Python\Python313\Lib\site-packages\django\template\base.py", line 1016, in render
    return SafeString("".join([node.render_annotated(context) for node in self]))
                               ~~~~~~~~~~~~~~~~~~~~~^^^^^^^^^
  File "C:\Users\loqmo\AppData\Local\Programs\Python\Python313\Lib\site-packages\django\template\base.py", line 977, in render_annotated
    return self.render(context)
           ~~~~~~~~~~~^^^^^^^^^
  File "C:\Users\loqmo\AppData\Local\Programs\Python\Python313\Lib\site-packages\django\template\loader_tags.py", line 134, in render
    compiled_parent = self.get_parent(context)
  File "C:\Users\loqmo\AppData\Local\Programs\Python\Python313\Lib\site-packages\django\template\loader_tags.py", line 131, in get_parent
    return self.find_template(parent, context)
           ~~~~~~~~~~~~~~~~~~^^^^^^^^^^^^^^^^^
  File "C:\Users\loqmo\AppData\Local\Programs\Python\Python313\Lib\site-packages\django\template\loader_tags.py", line 109, in find_template
    template, origin = context.template.engine.find_template(
                       ~~~~~~~~~~~~~~~~~~~~~~~~~~~~~~~~~~~~~^
        template_name,
        ^^^^^^^^^^^^^^
        skip=history,
        ^^^^^^^^^^^^^
    )
    ^
  File "C:\Users\loqmo\AppData\Local\Programs\Python\Python313\Lib\site-packages\django\template\engine.py", line 159, in find_template
    template = loader.get_template(name, skip=skip)
  File "C:\Users\loqmo\AppData\Local\Programs\Python\Python313\Lib\site-packages\django\template\loaders\cached.py", line 57, in get_template
    template = super().get_template(template_name, skip)
  File "C:\Users\loqmo\AppData\Local\Programs\Python\Python313\Lib\site-packages\django\template\loaders\base.py", line 28, in get_template
    return Template(
        contents,
    ...<2 lines>...
        self.engine,
    )
  File "C:\Users\loqmo\AppData\Local\Programs\Python\Python313\Lib\site-packages\django\template\base.py", line 154, in __init__
    self.nodelist = self.compile_nodelist()
                    ~~~~~~~~~~~~~~~~~~~~~^^
  File "C:\Users\loqmo\AppData\Local\Programs\Python\Python313\Lib\site-packages\django\template\base.py", line 196, in compile_nodelist
    nodelist = parser.parse()
  File "C:\Users\loqmo\AppData\Local\Programs\Python\Python313\Lib\site-packages\django\template\base.py", line 518, in parse
    raise self.error(token, e)
  File "C:\Users\loqmo\AppData\Local\Programs\Python\Python313\Lib\site-packages\django\template\base.py", line 516, in parse
    compiled_result = compile_func(self, token)
  File "C:\Users\loqmo\AppData\Local\Programs\Python\Python313\Lib\site-packages\django\template\defaulttags.py", line 976, in do_if
    nodelist = parser.parse(("endif",))
  File "C:\Users\loqmo\AppData\Local\Programs\Python\Python313\Lib\site-packages\django\template\base.py", line 518, in parse
    raise self.error(token, e)
  File "C:\Users\loqmo\AppData\Local\Programs\Python\Python313\Lib\site-packages\django\template\base.py", line 516, in parse
    compiled_result = compile_func(self, token)
  File "C:\Users\loqmo\AppData\Local\Programs\Python\Python313\Lib\site-packages\django\template\loader_tags.py", line 228, in do_block
    raise TemplateSyntaxError(
        "'%s' tag with name '%s' appears more than once" % (bits[0], block_name)
    )
django.template.exceptions.TemplateSyntaxError: 'block' tag with name 'content' appears more than once
"GET /login/ HTTP/1.1" 500 194438
"GET /login/ HTTP/1.1" 200 4123
Internal Server Error: /login/
Traceback (most recent call last):
  File "C:\Users\loqmo\AppData\Local\Programs\Python\Python313\Lib\site-packages\django\core\handlers\exception.py", line 55, in inner
    response = get_response(request)
  File "C:\Users\loqmo\AppData\Local\Programs\Python\Python313\Lib\site-packages\django\core\handlers\base.py", line 197, in _get_response
    response = wrapped_callback(request, *callback_args, **callback_kwargs)
  File "C:\Users\loqmo\OneDrive\Desktop\Invoicemanagement\Invoice\views.py", line 60, in login_view
    return render(request, 'invoices/login.html', {'form': form})
  File "C:\Users\loqmo\AppData\Local\Programs\Python\Python313\Lib\site-packages\django\shortcuts.py", line 25, in render
    content = loader.render_to_string(template_name, context, request, using=using)
  File "C:\Users\loqmo\AppData\Local\Programs\Python\Python313\Lib\site-packages\django\template\loader.py", line 62, in render_to_string
    return template.render(context, request)
           ~~~~~~~~~~~~~~~^^^^^^^^^^^^^^^^^^
  File "C:\Users\loqmo\AppData\Local\Programs\Python\Python313\Lib\site-packages\django\template\backends\django.py", line 107, in render
    return self.template.render(context)
           ~~~~~~~~~~~~~~~~~~~~^^^^^^^^^
  File "C:\Users\loqmo\AppData\Local\Programs\Python\Python313\Lib\site-packages\django\template\base.py", line 171, in render
    return self._render(context)
           ~~~~~~~~~~~~^^^^^^^^^
  File "C:\Users\loqmo\AppData\Local\Programs\Python\Python313\Lib\site-packages\django\template\base.py", line 163, in _render
    return self.nodelist.render(context)
           ~~~~~~~~~~~~~~~~~~~~^^^^^^^^^
  File "C:\Users\loqmo\AppData\Local\Programs\Python\Python313\Lib\site-packages\django\template\base.py", line 1016, in render
    return SafeString("".join([node.render_annotated(context) for node in self]))
                               ~~~~~~~~~~~~~~~~~~~~~^^^^^^^^^
  File "C:\Users\loqmo\AppData\Local\Programs\Python\Python313\Lib\site-packages\django\template\base.py", line 977, in render_annotated
    return self.render(context)
           ~~~~~~~~~~~^^^^^^^^^
  File "C:\Users\loqmo\AppData\Local\Programs\Python\Python313\Lib\site-packages\django\template\loader_tags.py", line 134, in render
    compiled_parent = self.get_parent(context)
  File "C:\Users\loqmo\AppData\Local\Programs\Python\Python313\Lib\site-packages\django\template\loader_tags.py", line 131, in get_parent
    return self.find_template(parent, context)
           ~~~~~~~~~~~~~~~~~~^^^^^^^^^^^^^^^^^
  File "C:\Users\loqmo\AppData\Local\Programs\Python\Python313\Lib\site-packages\django\template\loader_tags.py", line 109, in find_template
    template, origin = context.template.engine.find_template(
                       ~~~~~~~~~~~~~~~~~~~~~~~~~~~~~~~~~~~~~^
        template_name,
        ^^^^^^^^^^^^^^
        skip=history,
        ^^^^^^^^^^^^^
    )
    ^
  File "C:\Users\loqmo\AppData\Local\Programs\Python\Python313\Lib\site-packages\django\template\engine.py", line 159, in find_template
    template = loader.get_template(name, skip=skip)
  File "C:\Users\loqmo\AppData\Local\Programs\Python\Python313\Lib\site-packages\django\template\loaders\cached.py", line 57, in get_template
    template = super().get_template(template_name, skip)
  File "C:\Users\loqmo\AppData\Local\Programs\Python\Python313\Lib\site-packages\django\template\loaders\base.py", line 28, in get_template
    return Template(
        contents,
    ...<2 lines>...
        self.engine,
    )
  File "C:\Users\loqmo\AppData\Local\Programs\Python\Python313\Lib\site-packages\django\template\base.py", line 154, in __init__
    self.nodelist = self.compile_nodelist()
                    ~~~~~~~~~~~~~~~~~~~~~^^
  File "C:\Users\loqmo\AppData\Local\Programs\Python\Python313\Lib\site-packages\django\template\base.py", line 196, in compile_nodelist
    nodelist = parser.parse()
  File "C:\Users\loqmo\AppData\Local\Programs\Python\Python313\Lib\site-packages\django\template\base.py", line 518, in parse
    raise self.error(token, e)
  File "C:\Users\loqmo\AppData\Local\Programs\Python\Python313\Lib\site-packages\django\template\base.py", line 516, in parse
    compiled_result = compile_func(self, token)
  File "C:\Users\loqmo\AppData\Local\Programs\Python\Python313\Lib\site-packages\django\template\defaulttags.py", line 976, in do_if
    nodelist = parser.parse(("endif",))
  File "C:\Users\loqmo\AppData\Local\Programs\Python\Python313\Lib\site-packages\django\template\base.py", line 518, in parse
    raise self.error(token, e)
  File "C:\Users\loqmo\AppData\Local\Programs\Python\Python313\Lib\site-packages\django\template\base.py", line 516, in parse
    compiled_result = compile_func(self, token)
  File "C:\Users\loqmo\AppData\Local\Programs\Python\Python313\Lib\site-packages\django\template\loader_tags.py", line 228, in do_block
    raise TemplateSyntaxError(
        "'%s' tag with name '%s' appears more than once" % (bits[0], block_name)
    )
django.template.exceptions.TemplateSyntaxError: 'block' tag with name 'content' appears more than once
"GET /login/ HTTP/1.1" 500 194438
Internal Server Error: /login/
Traceback (most recent call last):
  File "C:\Users\loqmo\AppData\Local\Programs\Python\Python313\Lib\site-packages\django\core\handlers\exception.py", line 55, in inner
    response = get_response(request)
  File "C:\Users\loqmo\AppData\Local\Programs\Python\Python313\Lib\site-packages\django\core\handlers\base.py", line 197, in _get_response
    response = wrapped_callback(request, *callback_args, **callback_kwargs)
  File "C:\Users\loqmo\OneDrive\Desktop\Invoicemanagement\Invoice\views.py", line 60, in login_view
    return render(request, 'invoices/login.html', {'form': form})
  File "C:\Users\loqmo\AppData\Local\Programs\Python\Python313\Lib\site-packages\django\shortcuts.py", line 25, in render
    content = loader.render_to_string(template_name, context, request, using=using)
  File "C:\Users\loqmo\AppData\Local\Programs\Python\Python313\Lib\site-packages\django\template\loader.py", line 62, in render_to_string
    return template.render(context, request)
           ~~~~~~~~~~~~~~~^^^^^^^^^^^^^^^^^^
  File "C:\Users\loqmo\AppData\Local\Programs\Python\Python313\Lib\site-packages\django\template\backends\django.py", line 107, in render
    return self.template.render(context)
           ~~~~~~~~~~~~~~~~~~~~^^^^^^^^^
  File "C:\Users\loqmo\AppData\Local\Programs\Python\Python313\Lib\site-packages\django\template\base.py", line 171, in render
    return self._render(context)
           ~~~~~~~~~~~~^^^^^^^^^
  File "C:\Users\loqmo\AppData\Local\Programs\Python\Python313\Lib\site-packages\django\template\base.py", line 163, in _render
    return self.nodelist.render(context)
           ~~~~~~~~~~~~~~~~~~~~^^^^^^^^^
  File "C:\Users\loqmo\AppData\Local\Programs\Python\Python313\Lib\site-packages\django\template\base.py", line 1016, in render
    return SafeString("".join([node.render_annotated(context) for node in self]))
                               ~~~~~~~~~~~~~~~~~~~~~^^^^^^^^^
  File "C:\Users\loqmo\AppData\Local\Programs\Python\Python313\Lib\site-packages\django\template\base.py", line 977, in render_annotated
    return self.render(context)
           ~~~~~~~~~~~^^^^^^^^^
  File "C:\Users\loqmo\AppData\Local\Programs\Python\Python313\Lib\site-packages\django\template\loader_tags.py", line 134, in render
    compiled_parent = self.get_parent(context)
  File "C:\Users\loqmo\AppData\Local\Programs\Python\Python313\Lib\site-packages\django\template\loader_tags.py", line 131, in get_parent
    return self.find_template(parent, context)
           ~~~~~~~~~~~~~~~~~~^^^^^^^^^^^^^^^^^
  File "C:\Users\loqmo\AppData\Local\Programs\Python\Python313\Lib\site-packages\django\template\loader_tags.py", line 109, in find_template
    template, origin = context.template.engine.find_template(
                       ~~~~~~~~~~~~~~~~~~~~~~~~~~~~~~~~~~~~~^
        template_name,
        ^^^^^^^^^^^^^^
        skip=history,
        ^^^^^^^^^^^^^
    )
    ^
  File "C:\Users\loqmo\AppData\Local\Programs\Python\Python313\Lib\site-packages\django\template\engine.py", line 159, in find_template
    template = loader.get_template(name, skip=skip)
  File "C:\Users\loqmo\AppData\Local\Programs\Python\Python313\Lib\site-packages\django\template\loaders\cached.py", line 57, in get_template
    template = super().get_template(template_name, skip)
  File "C:\Users\loqmo\AppData\Local\Programs\Python\Python313\Lib\site-packages\django\template\loaders\base.py", line 28, in get_template
    return Template(
        contents,
    ...<2 lines>...
        self.engine,
    )
  File "C:\Users\loqmo\AppData\Local\Programs\Python\Python313\Lib\site-packages\django\template\base.py", line 154, in __init__
    self.nodelist = self.compile_nodelist()
                    ~~~~~~~~~~~~~~~~~~~~~^^
  File "C:\Users\loqmo\AppData\Local\Programs\Python\Python313\Lib\site-packages\django\template\base.py", line 196, in compile_nodelist
    nodelist = parser.parse()
  File "C:\Users\loqmo\AppData\Local\Programs\Python\Python313\Lib\site-packages\django\template\base.py", line 518, in parse
    raise self.error(token, e)
  File "C:\Users\loqmo\AppData\Local\Programs\Python\Python313\Lib\site-packages\django\template\base.py", line 516, in parse
    compiled_result = compile_func(self, token)
  File "C:\Users\loqmo\AppData\Local\Programs\Python\Python313\Lib\site-packages\django\template\defaulttags.py", line 976, in do_if
    nodelist = parser.parse(("endif",))
  File "C:\Users\loqmo\AppData\Local\Programs\Python\Python313\Lib\site-packages\django\template\base.py", line 518, in parse
    raise self.error(token, e)
  File "C:\Users\loqmo\AppData\Local\Programs\Python\Python313\Lib\site-packages\django\template\base.py", line 516, in parse
    compiled_result = compile_func(self, token)
  File "C:\Users\loqmo\AppData\Local\Programs\Python\Python313\Lib\site-packages\django\template\loader_tags.py", line 228, in do_block
    raise TemplateSyntaxError(
        "'%s' tag with name '%s' appears more than once" % (bits[0], block_name)
    )
django.template.exceptions.TemplateSyntaxError: 'block' tag with name 'content' appears more than once
"GET /login/ HTTP/1.1" 500 192809
"GET /login/ HTTP/1.1" 200 6258
"GET /register/ HTTP/1.1" 200 4067
"POST /login/ HTTP/1.1" 302 0
"GET / HTTP/1.1" 302 0
Not Found: /dashboard/
"GET /dashboard/ HTTP/1.1" 404 9063
C:\Users\loqmo\OneDrive\Desktop\Invoicemanagement\Invoice\urls.py changed, reloading.
Watching for file changes with StatReloader
"GET /dashboard/ HTTP/1.1" 200 15826
Internal Server Error: /quotations/
Traceback (most recent call last):
  File "C:\Users\loqmo\AppData\Local\Programs\Python\Python313\Lib\site-packages\django\core\handlers\exception.py", line 55, in inner
    response = get_response(request)
  File "C:\Users\loqmo\AppData\Local\Programs\Python\Python313\Lib\site-packages\django\core\handlers\base.py", line 220, in _get_response
    response = response.render()
  File "C:\Users\loqmo\AppData\Local\Programs\Python\Python313\Lib\site-packages\django\template\response.py", line 114, in render
    self.content = self.rendered_content
                   ^^^^^^^^^^^^^^^^^^^^^
  File "C:\Users\loqmo\AppData\Local\Programs\Python\Python313\Lib\site-packages\django\template\response.py", line 90, in rendered_content
    template = self.resolve_template(self.template_name)
  File "C:\Users\loqmo\AppData\Local\Programs\Python\Python313\Lib\site-packages\django\template\response.py", line 72, in resolve_template
    return select_template(template, using=self.using)
  File "C:\Users\loqmo\AppData\Local\Programs\Python\Python313\Lib\site-packages\django\template\loader.py", line 47, in select_template
    raise TemplateDoesNotExist(", ".join(template_name_list), chain=chain)
django.template.exceptions.TemplateDoesNotExist: invoices/quotation_list.html, Invoice/document_list.html
"GET /quotations/ HTTP/1.1" 500 83703
Internal Server Error: /invoices/
Traceback (most recent call last):
  File "C:\Users\loqmo\AppData\Local\Programs\Python\Python313\Lib\site-packages\django\core\handlers\exception.py", line 55, in inner
    response = get_response(request)
  File "C:\Users\loqmo\AppData\Local\Programs\Python\Python313\Lib\site-packages\django\core\handlers\base.py", line 220, in _get_response
    response = response.render()
  File "C:\Users\loqmo\AppData\Local\Programs\Python\Python313\Lib\site-packages\django\template\response.py", line 114, in render
    self.content = self.rendered_content
                   ^^^^^^^^^^^^^^^^^^^^^
  File "C:\Users\loqmo\AppData\Local\Programs\Python\Python313\Lib\site-packages\django\template\response.py", line 90, in rendered_content
    template = self.resolve_template(self.template_name)
  File "C:\Users\loqmo\AppData\Local\Programs\Python\Python313\Lib\site-packages\django\template\response.py", line 72, in resolve_template
    return select_template(template, using=self.using)
  File "C:\Users\loqmo\AppData\Local\Programs\Python\Python313\Lib\site-packages\django\template\loader.py", line 47, in select_template
    raise TemplateDoesNotExist(", ".join(template_name_list), chain=chain)
django.template.exceptions.TemplateDoesNotExist: invoices/invoice_list.html, Invoice/document_list.html
"GET /invoices/ HTTP/1.1" 500 83657
Internal Server Error: /customers/
Traceback (most recent call last):
  File "C:\Users\loqmo\AppData\Local\Programs\Python\Python313\Lib\site-packages\django\core\handlers\exception.py", line 55, in inner
    response = get_response(request)
  File "C:\Users\loqmo\AppData\Local\Programs\Python\Python313\Lib\site-packages\django\core\handlers\base.py", line 220, in _get_response
    response = response.render()
  File "C:\Users\loqmo\AppData\Local\Programs\Python\Python313\Lib\site-packages\django\template\response.py", line 114, in render
    self.content = self.rendered_content
                   ^^^^^^^^^^^^^^^^^^^^^
  File "C:\Users\loqmo\AppData\Local\Programs\Python\Python313\Lib\site-packages\django\template\response.py", line 90, in rendered_content
    template = self.resolve_template(self.template_name)
  File "C:\Users\loqmo\AppData\Local\Programs\Python\Python313\Lib\site-packages\django\template\response.py", line 72, in resolve_template
    return select_template(template, using=self.using)
  File "C:\Users\loqmo\AppData\Local\Programs\Python\Python313\Lib\site-packages\django\template\loader.py", line 47, in select_template
    raise TemplateDoesNotExist(", ".join(template_name_list), chain=chain)
django.template.exceptions.TemplateDoesNotExist: invoices/customer_list.html, Invoice/customer_list.html
"GET /customers/ HTTP/1.1" 500 83680
"GET /admin/ HTTP/1.1" 200 9631
Internal Server Error: /quotations/
Traceback (most recent call last):
  File "C:\Users\loqmo\AppData\Local\Programs\Python\Python313\Lib\site-packages\django\core\handlers\exception.py", line 55, in inner
    response = get_response(request)
  File "C:\Users\loqmo\AppData\Local\Programs\Python\Python313\Lib\site-packages\django\core\handlers\base.py", line 220, in _get_response
    response = response.render()
  File "C:\Users\loqmo\AppData\Local\Programs\Python\Python313\Lib\site-packages\django\template\response.py", line 114, in render
    self.content = self.rendered_content
                   ^^^^^^^^^^^^^^^^^^^^^
  File "C:\Users\loqmo\AppData\Local\Programs\Python\Python313\Lib\site-packages\django\template\response.py", line 90, in rendered_content
    template = self.resolve_template(self.template_name)
  File "C:\Users\loqmo\AppData\Local\Programs\Python\Python313\Lib\site-packages\django\template\response.py", line 72, in resolve_template
    return select_template(template, using=self.using)
  File "C:\Users\loqmo\AppData\Local\Programs\Python\Python313\Lib\site-packages\django\template\loader.py", line 47, in select_template
    raise TemplateDoesNotExist(", ".join(template_name_list), chain=chain)
django.template.exceptions.TemplateDoesNotExist: invoices/quotation_list.html, Invoice/document_list.html
"GET /quotations/ HTTP/1.1" 500 83703
Internal Server Error: /quotations/create/
Traceback (most recent call last):
  File "C:\Users\loqmo\AppData\Local\Programs\Python\Python313\Lib\site-packages\django\core\handlers\exception.py", line 55, in inner
    response = get_response(request)
  File "C:\Users\loqmo\AppData\Local\Programs\Python\Python313\Lib\site-packages\django\core\handlers\base.py", line 197, in _get_response
    response = wrapped_callback(request, *callback_args, **callback_kwargs)
  File "C:\Users\loqmo\AppData\Local\Programs\Python\Python313\Lib\site-packages\django\contrib\auth\decorators.py", line 59, in _view_wrapper
    return view_func(request, *args, **kwargs)
  File "C:\Users\loqmo\OneDrive\Desktop\Invoicemanagement\Invoice\views.py", line 317, in document_create
    return render(request, 'invoices/document_form.html', {
        'form': form,
    ...<3 lines>...
        'doc_name': doc_name,
    })
  File "C:\Users\loqmo\AppData\Local\Programs\Python\Python313\Lib\site-packages\django\shortcuts.py", line 25, in render
    content = loader.render_to_string(template_name, context, request, using=using)
  File "C:\Users\loqmo\AppData\Local\Programs\Python\Python313\Lib\site-packages\django\template\loader.py", line 61, in render_to_string
    template = get_template(template_name, using=using)
  File "C:\Users\loqmo\AppData\Local\Programs\Python\Python313\Lib\site-packages\django\template\loader.py", line 19, in get_template
    raise TemplateDoesNotExist(template_name, chain=chain)
django.template.exceptions.TemplateDoesNotExist: invoices/document_form.html
"GET /quotations/create/ HTTP/1.1" 500 89794
"GET /quotations/create/ HTTP/1.1" 200 46473
"GET /dashboard/ HTTP/1.1" 200 15408
"GET /invoices/create/ HTTP/1.1" 200 46355
"GET /quotations/ HTTP/1.1" 200 13722
"GET /invoices/ HTTP/1.1" 200 13707
"GET /quotations/ HTTP/1.1" 200 13722
"GET /invoices/ HTTP/1.1" 200 13707
Internal Server Error: /customers/
Traceback (most recent call last):
  File "C:\Users\loqmo\AppData\Local\Programs\Python\Python313\Lib\site-packages\django\core\handlers\exception.py", line 55, in inner
    response = get_response(request)
  File "C:\Users\loqmo\AppData\Local\Programs\Python\Python313\Lib\site-packages\django\core\handlers\base.py", line 220, in _get_response
    response = response.render()
  File "C:\Users\loqmo\AppData\Local\Programs\Python\Python313\Lib\site-packages\django\template\response.py", line 114, in render
    self.content = self.rendered_content
                   ^^^^^^^^^^^^^^^^^^^^^
  File "C:\Users\loqmo\AppData\Local\Programs\Python\Python313\Lib\site-packages\django\template\response.py", line 90, in rendered_content
    template = self.resolve_template(self.template_name)
  File "C:\Users\loqmo\AppData\Local\Programs\Python\Python313\Lib\site-packages\django\template\response.py", line 72, in resolve_template
    return select_template(template, using=self.using)
  File "C:\Users\loqmo\AppData\Local\Programs\Python\Python313\Lib\site-packages\django\template\loader.py", line 47, in select_template
    raise TemplateDoesNotExist(", ".join(template_name_list), chain=chain)
django.template.exceptions.TemplateDoesNotExist: invoices/customer_list.html, Invoice/customer_list.html
"GET /customers/ HTTP/1.1" 500 83679
"GET /dashboard/ HTTP/1.1" 200 15408
"GET /quotations/create/ HTTP/1.1" 200 46849
"GET /quotations/create/ HTTP/1.1" 200 60583
Not Found: /.well-known/appspecific/com.chrome.devtools.json
"GET /.well-known/appspecific/com.chrome.devtools.json HTTP/1.1" 404 9438
"GET /quotations/create/ HTTP/1.1" 200 61400
Not Found: /.well-known/appspecific/com.chrome.devtools.json
"GET /.well-known/appspecific/com.chrome.devtools.json HTTP/1.1" 404 9438
"GET /quotations/create/ HTTP/1.1" 200 59545
Not Found: /.well-known/appspecific/com.chrome.devtools.json
"GET /.well-known/appspecific/com.chrome.devtools.json HTTP/1.1" 404 9438
"GET /quotations/create/ HTTP/1.1" 200 34952
Not Found: /.well-known/appspecific/com.chrome.devtools.json
"GET /.well-known/appspecific/com.chrome.devtools.json HTTP/1.1" 404 9438
"POST /quotations/create/ HTTP/1.1" 200 35901
Not Found: /.well-known/appspecific/com.chrome.devtools.json
"GET /.well-known/appspecific/com.chrome.devtools.json HTTP/1.1" 404 9438
C:\Users\loqmo\OneDrive\Desktop\Invoicemanagement\Invoice\views.py changed, reloading.
Watching for file changes with StatReloader
C:\Users\loqmo\OneDrive\Desktop\Invoicemanagement\Invoice\forms.py changed, reloading.
Watching for file changes with StatReloader
"POST /quotations/create/ HTTP/1.1" 302 0
"GET /documents/1/ HTTP/1.1" 200 19801
Not Found: /.well-known/appspecific/com.chrome.devtools.json
"GET /.well-known/appspecific/com.chrome.devtools.json HTTP/1.1" 404 9438
Internal Server Error: /documents/1/preview/
Traceback (most recent call last):
  File "C:\Users\loqmo\AppData\Local\Programs\Python\Python313\Lib\site-packages\django\core\handlers\exception.py", line 55, in inner
    response = get_response(request)
  File "C:\Users\loqmo\AppData\Local\Programs\Python\Python313\Lib\site-packages\django\core\handlers\base.py", line 197, in _get_response
    response = wrapped_callback(request, *callback_args, **callback_kwargs)
  File "C:\Users\loqmo\AppData\Local\Programs\Python\Python313\Lib\site-packages\django\contrib\auth\decorators.py", line 59, in _view_wrapper
    return view_func(request, *args, **kwargs)
  File "C:\Users\loqmo\OneDrive\Desktop\Invoicemanagement\Invoice\views.py", line 514, in document_preview
    return render(request, template, {
        'document': document,
        'company': company,
    })
  File "C:\Users\loqmo\AppData\Local\Programs\Python\Python313\Lib\site-packages\django\shortcuts.py", line 25, in render
    content = loader.render_to_string(template_name, context, request, using=using)
  File "C:\Users\loqmo\AppData\Local\Programs\Python\Python313\Lib\site-packages\django\template\loader.py", line 61, in render_to_string
    template = get_template(template_name, using=using)
  File "C:\Users\loqmo\AppData\Local\Programs\Python\Python313\Lib\site-packages\django\template\loader.py", line 19, in get_template
    raise TemplateDoesNotExist(template_name, chain=chain)
django.template.exceptions.TemplateDoesNotExist: invoices/document_preview.html
"GET /documents/1/preview/ HTTP/1.1" 500 88484
"GET /documents/1/preview/ HTTP/1.1" 200 10851
"GET /documents/1/edit/ HTTP/1.1" 200 35083
Not Found: /.well-known/appspecific/com.chrome.devtools.json
"GET /.well-known/appspecific/com.chrome.devtools.json HTTP/1.1" 404 9438
"GET /documents/1/ HTTP/1.1" 200 19357
Not Found: /.well-known/appspecific/com.chrome.devtools.json
"GET /.well-known/appspecific/com.chrome.devtools.json HTTP/1.1" 404 9438
"GET /documents/1/preview/ HTTP/1.1" 200 18086
"GET /documents/1/preview/ HTTP/1.1" 200 11867
"GET /documents/1/ HTTP/1.1" 200 19357
"GET /documents/1/ HTTP/1.1" 200 19393
"GET /quotations/ HTTP/1.1" 200 16086
"GET /quotations/create/ HTTP/1.1" 200 34789
"GET /admin/ HTTP/1.1" 200 9535
Internal Server Error: /admin/Invoice/document/
Traceback (most recent call last):
  File "C:\Users\loqmo\AppData\Local\Programs\Python\Python313\Lib\site-packages\django\db\models\options.py", line 683, in get_field
    return self.fields_map[field_name]
           ~~~~~~~~~~~~~~~^^^^^^^^^^^^
KeyError: 'total_amount'

During handling of the above exception, another exception occurred:

Traceback (most recent call last):
  File "C:\Users\loqmo\AppData\Local\Programs\Python\Python313\Lib\site-packages\django\contrib\admin\utils.py", line 290, in lookup_field
    f = _get_non_gfk_field(opts, name)
  File "C:\Users\loqmo\AppData\Local\Programs\Python\Python313\Lib\site-packages\django\contrib\admin\utils.py", line 330, in _get_non_gfk_field
    field = opts.get_field(name)
  File "C:\Users\loqmo\AppData\Local\Programs\Python\Python313\Lib\site-packages\django\db\models\options.py", line 685, in get_field
    raise FieldDoesNotExist(
        "%s has no field named '%s'" % (self.object_name, field_name)
    )
django.core.exceptions.FieldDoesNotExist: Document has no field named 'total_amount'

During handling of the above exception, another exception occurred:

Traceback (most recent call last):
  File "C:\Users\loqmo\AppData\Local\Programs\Python\Python313\Lib\site-packages\django\core\handlers\exception.py", line 55, in inner
    response = get_response(request)
  File "C:\Users\loqmo\AppData\Local\Programs\Python\Python313\Lib\site-packages\django\core\handlers\base.py", line 220, in _get_response
    response = response.render()
  File "C:\Users\loqmo\AppData\Local\Programs\Python\Python313\Lib\site-packages\django\template\response.py", line 114, in render
    self.content = self.rendered_content
                   ^^^^^^^^^^^^^^^^^^^^^
  File "C:\Users\loqmo\AppData\Local\Programs\Python\Python313\Lib\site-packages\django\template\response.py", line 92, in rendered_content
    return template.render(context, self._request)
           ~~~~~~~~~~~~~~~^^^^^^^^^^^^^^^^^^^^^^^^
  File "C:\Users\loqmo\AppData\Local\Programs\Python\Python313\Lib\site-packages\django\template\backends\django.py", line 107, in render
    return self.template.render(context)
           ~~~~~~~~~~~~~~~~~~~~^^^^^^^^^
  File "C:\Users\loqmo\AppData\Local\Programs\Python\Python313\Lib\site-packages\django\template\base.py", line 171, in render
    return self._render(context)
           ~~~~~~~~~~~~^^^^^^^^^
  File "C:\Users\loqmo\AppData\Local\Programs\Python\Python313\Lib\site-packages\django\template\base.py", line 163, in _render
    return self.nodelist.render(context)
           ~~~~~~~~~~~~~~~~~~~~^^^^^^^^^
  File "C:\Users\loqmo\AppData\Local\Programs\Python\Python313\Lib\site-packages\django\template\base.py", line 1016, in render
    return SafeString("".join([node.render_annotated(context) for node in self]))
                               ~~~~~~~~~~~~~~~~~~~~~^^^^^^^^^
  File "C:\Users\loqmo\AppData\Local\Programs\Python\Python313\Lib\site-packages\django\template\base.py", line 977, in render_annotated
    return self.render(context)
           ~~~~~~~~~~~^^^^^^^^^
  File "C:\Users\loqmo\AppData\Local\Programs\Python\Python313\Lib\site-packages\django\template\loader_tags.py", line 159, in render
    return compiled_parent._render(context)
           ~~~~~~~~~~~~~~~~~~~~~~~^^^^^^^^^
  File "C:\Users\loqmo\AppData\Local\Programs\Python\Python313\Lib\site-packages\django\template\base.py", line 163, in _render
    return self.nodelist.render(context)
           ~~~~~~~~~~~~~~~~~~~~^^^^^^^^^
  File "C:\Users\loqmo\AppData\Local\Programs\Python\Python313\Lib\site-packages\django\template\base.py", line 1016, in render
    return SafeString("".join([node.render_annotated(context) for node in self]))
                               ~~~~~~~~~~~~~~~~~~~~~^^^^^^^^^
  File "C:\Users\loqmo\AppData\Local\Programs\Python\Python313\Lib\site-packages\django\template\base.py", line 977, in render_annotated
    return self.render(context)
           ~~~~~~~~~~~^^^^^^^^^
  File "C:\Users\loqmo\AppData\Local\Programs\Python\Python313\Lib\site-packages\django\template\loader_tags.py", line 159, in render
    return compiled_parent._render(context)
           ~~~~~~~~~~~~~~~~~~~~~~~^^^^^^^^^
  File "C:\Users\loqmo\AppData\Local\Programs\Python\Python313\Lib\site-packages\django\template\base.py", line 163, in _render
    return self.nodelist.render(context)
           ~~~~~~~~~~~~~~~~~~~~^^^^^^^^^
  File "C:\Users\loqmo\AppData\Local\Programs\Python\Python313\Lib\site-packages\django\template\base.py", line 1016, in render
    return SafeString("".join([node.render_annotated(context) for node in self]))
                               ~~~~~~~~~~~~~~~~~~~~~^^^^^^^^^
  File "C:\Users\loqmo\AppData\Local\Programs\Python\Python313\Lib\site-packages\django\template\base.py", line 977, in render_annotated
    return self.render(context)
           ~~~~~~~~~~~^^^^^^^^^
  File "C:\Users\loqmo\AppData\Local\Programs\Python\Python313\Lib\site-packages\django\template\loader_tags.py", line 65, in render
    result = block.nodelist.render(context)
  File "C:\Users\loqmo\AppData\Local\Programs\Python\Python313\Lib\site-packages\django\template\base.py", line 1016, in render
    return SafeString("".join([node.render_annotated(context) for node in self]))
                               ~~~~~~~~~~~~~~~~~~~~~^^^^^^^^^
  File "C:\Users\loqmo\AppData\Local\Programs\Python\Python313\Lib\site-packages\django\template\base.py", line 977, in render_annotated
    return self.render(context)
           ~~~~~~~~~~~^^^^^^^^^
  File "C:\Users\loqmo\AppData\Local\Programs\Python\Python313\Lib\site-packages\django\template\loader_tags.py", line 65, in render
    result = block.nodelist.render(context)
  File "C:\Users\loqmo\AppData\Local\Programs\Python\Python313\Lib\site-packages\django\template\base.py", line 1016, in render
    return SafeString("".join([node.render_annotated(context) for node in self]))
                               ~~~~~~~~~~~~~~~~~~~~~^^^^^^^^^
  File "C:\Users\loqmo\AppData\Local\Programs\Python\Python313\Lib\site-packages\django\template\base.py", line 977, in render_annotated
    return self.render(context)
           ~~~~~~~~~~~^^^^^^^^^
  File "C:\Users\loqmo\AppData\Local\Programs\Python\Python313\Lib\site-packages\django\contrib\admin\templatetags\base.py", line 45, in render
    return super().render(context)
           ~~~~~~~~~~~~~~^^^^^^^^^
  File "C:\Users\loqmo\AppData\Local\Programs\Python\Python313\Lib\site-packages\django\template\library.py", line 359, in render
    _dict = self.func(*resolved_args, **resolved_kwargs)
  File "C:\Users\loqmo\AppData\Local\Programs\Python\Python313\Lib\site-packages\django\contrib\admin\templatetags\admin_list.py", line 354, in result_list
    "results": list(results(cl)),
               ~~~~^^^^^^^^^^^^^
  File "C:\Users\loqmo\AppData\Local\Programs\Python\Python313\Lib\site-packages\django\contrib\admin\templatetags\admin_list.py", line 330, in results
    yield ResultList(None, items_for_result(cl, res, None))
          ~~~~~~~~~~^^^^^^^^^^^^^^^^^^^^^^^^^^^^^^^^^^^^^^^
  File "C:\Users\loqmo\AppData\Local\Programs\Python\Python313\Lib\site-packages\django\contrib\admin\templatetags\admin_list.py", line 321, in __init__
    super().__init__(*items)
    ~~~~~~~~~~~~~~~~^^^^^^^^
  File "C:\Users\loqmo\AppData\Local\Programs\Python\Python313\Lib\site-packages\django\contrib\admin\templatetags\admin_list.py", line 219, in items_for_result
    f, attr, value = lookup_field(field_name, result, cl.model_admin)
                     ~~~~~~~~~~~~^^^^^^^^^^^^^^^^^^^^^^^^^^^^^^^^^^^^
  File "C:\Users\loqmo\AppData\Local\Programs\Python\Python313\Lib\site-packages\django\contrib\admin\utils.py", line 299, in lookup_field
    value = attr(obj)
  File "C:\Users\loqmo\OneDrive\Desktop\Invoicemanagement\Invoice\admin.py", line 144, in total_amount
    return format_html(
        '<strong>{:,.2f} {}</strong>',
        obj.total, obj.currency
    )
  File "C:\Users\loqmo\AppData\Local\Programs\Python\Python313\Lib\site-packages\django\utils\html.py", line 145, in format_html
    return mark_safe(format_string.format(*args_safe, **kwargs_safe))
                     ~~~~~~~~~~~~~~~~~~~~^^^^^^^^^^^^^^^^^^^^^^^^^^^
ValueError: Unknown format code 'f' for object of type 'SafeString'
"GET /admin/Invoice/document/ HTTP/1.1" 500 367748
"GET /admin/ HTTP/1.1" 200 9535
"GET /admin/Invoice/documentitem/ HTTP/1.1" 200 14037
"GET /admin/jsi18n/ HTTP/1.1" 200 3342
"GET /static/admin/js/jquery.init.js HTTP/1.1" 200 347
"GET /static/admin/css/changelists.css HTTP/1.1" 200 6878
"GET /static/admin/js/urlify.js HTTP/1.1" 200 7887
"GET /static/admin/js/core.js HTTP/1.1" 200 6208
"GET /static/admin/js/actions.js HTTP/1.1" 200 8076
"GET /static/admin/js/prepopulate.js HTTP/1.1" 200 1531
"GET /static/admin/img/search.svg HTTP/1.1" 200 458
"GET /static/admin/js/admin/RelatedObjectLookups.js HTTP/1.1" 200 9777
"GET /static/admin/js/vendor/jquery/jquery.js HTTP/1.1" 200 285314
"GET /static/admin/js/filters.js HTTP/1.1" 200 978
"GET /static/admin/js/vendor/xregexp/xregexp.js HTTP/1.1" 200 325171
"GET /static/admin/img/tooltag-add.svg HTTP/1.1" 200 331
"GET /static/admin/img/sorting-icons.svg HTTP/1.1" 200 1097
"GET /static/admin/img/icon-viewlink.svg HTTP/1.1" 200 581
"GET /admin/Invoice/documentitem/1/change/ HTTP/1.1" 200 16877
"GET /admin/jsi18n/ HTTP/1.1" 200 3342
"GET /static/admin/css/forms.css HTTP/1.1" 200 8525
"GET /static/admin/js/prepopulate_init.js HTTP/1.1" 200 586
"GET /static/admin/css/widgets.css HTTP/1.1" 200 11991
"GET /static/admin/js/change_form.js HTTP/1.1" 200 606
C:\Users\loqmo\OneDrive\Desktop\Invoicemanagement\Invoice\forms.py changed, reloading.
Watching for file changes with StatReloader
C:\Users\loqmo\OneDrive\Desktop\Invoicemanagement\Invoice\views.py changed, reloading.
Watching for file changes with StatReloader
"GET / HTTP/1.1" 302 0
"GET /dashboard/ HTTP/1.1" 200 17171
"GET /quotations/create/ HTTP/1.1" 200 35069
"POST /quotations/create/ HTTP/1.1" 302 0
"GET /documents/2/ HTTP/1.1" 200 20187
"GET /documents/2/preview/ HTTP/1.1" 200 12230
"GET /documents/2/preview/ HTTP/1.1" 200 12230
"GET /documents/2/preview/ HTTP/1.1" 200 11108
"GET /documents/2/preview/ HTTP/1.1" 200 12368
"GET /documents/2/preview/ HTTP/1.1" 200 12362
"POST /documents/2/approve/ HTTP/1.1" 302 0
"GET /documents/2/ HTTP/1.1" 200 20218
"GET /quotations/2/convert/ HTTP/1.1" 200 10975
"POST /quotations/2/convert/ HTTP/1.1" 302 0
"GET /documents/2/ HTTP/1.1" 200 20314
C:\Users\loqmo\OneDrive\Desktop\Invoicemanagement\Invoice\models.py changed, reloading.
Watching for file changes with StatReloader
"GET /documents/2/ HTTP/1.1" 200 19786
"GET /quotations/2/convert/ HTTP/1.1" 200 10975
"POST /quotations/2/convert/ HTTP/1.1" 302 0
"GET /documents/2/ HTTP/1.1" 200 20314
Watching for file changes with StatReloader
"GET /quotations/2/convert/ HTTP/1.1" 200 10975
"POST /quotations/2/convert/ HTTP/1.1" 302 0
"GET /documents/2/ HTTP/1.1" 200 20314
C:\Users\loqmo\OneDrive\Desktop\Invoicemanagement\Invoice\models.py changed, reloading.
Watching for file changes with StatReloader
C:\Users\loqmo\OneDrive\Desktop\Invoicemanagement\Invoice\models.py changed, reloading.
Watching for file changes with StatReloader
"GET /quotations/2/convert/ HTTP/1.1" 200 10975
"POST /quotations/2/convert/ HTTP/1.1" 302 0
"GET /documents/2/ HTTP/1.1" 200 20314
Not Found: /.well-known/appspecific/com.chrome.devtools.json
"GET /.well-known/appspecific/com.chrome.devtools.json HTTP/1.1" 404 9438
"GET /quotations/2/convert/ HTTP/1.1" 200 10975
Not Found: /.well-known/appspecific/com.chrome.devtools.json
"GET /.well-known/appspecific/com.chrome.devtools.json HTTP/1.1" 404 9438
C:\Users\loqmo\OneDrive\Desktop\Invoicemanagement\Invoice\models.py changed, reloading.
Watching for file changes with StatReloader
C:\Users\loqmo\OneDrive\Desktop\Invoicemanagement\Invoice\views.py changed, reloading.
Watching for file changes with StatReloader
C:\Users\loqmo\OneDrive\Desktop\Invoicemanagement\Invoice\models.py changed, reloading.
Watching for file changes with StatReloader
"GET /quotations/2/convert/ HTTP/1.1" 200 10975
Not Found: /.well-known/appspecific/com.chrome.devtools.json
"GET /.well-known/appspecific/com.chrome.devtools.json HTTP/1.1" 404 9438
"GET /documents/2/ HTTP/1.1" 200 19786
Not Found: /.well-known/appspecific/com.chrome.devtools.json
"GET /.well-known/appspecific/com.chrome.devtools.json HTTP/1.1" 404 9438
"GET /quotations/2/convert/ HTTP/1.1" 200 10975
Not Found: /.well-known/appspecific/com.chrome.devtools.json
"GET /.well-known/appspecific/com.chrome.devtools.json HTTP/1.1" 404 9438
"POST /quotations/2/convert/ HTTP/1.1" 302 0
"GET /documents/3/ HTTP/1.1" 200 20034
Not Found: /.well-known/appspecific/com.chrome.devtools.json
"GET /.well-known/appspecific/com.chrome.devtools.json HTTP/1.1" 404 9438
"GET /documents/3/preview/ HTTP/1.1" 200 12094
"GET /admin/Invoice/documentitem/ HTTP/1.1" 200 15098
"GET /admin/jsi18n/ HTTP/1.1" 200 3342
"GET /admin/Invoice/documentitem/3/change/ HTTP/1.1" 200 16995
"GET /admin/jsi18n/ HTTP/1.1" 200 3342
"GET /admin/Invoice/documentitem/ HTTP/1.1" 200 15098
"GET /admin/jsi18n/ HTTP/1.1" 200 3342
C:\Users\loqmo\OneDrive\Desktop\Invoicemanagement\Invoice\admin.py changed, reloading.
Watching for file changes with StatReloader
"GET /admin/Invoice/documentitem/ HTTP/1.1" 200 12020
"GET /admin/jsi18n/ HTTP/1.1" 200 3342
"GET /admin/Invoice/documentitem/3/change/ HTTP/1.1" 200 16655
"GET /admin/jsi18n/ HTTP/1.1" 200 3342
"GET /admin/Invoice/document/ HTTP/1.1" 200 12037
"GET /admin/jsi18n/ HTTP/1.1" 200 3342
"GET /admin/Invoice/document/3/change/ HTTP/1.1" 200 35578
"GET /admin/jsi18n/ HTTP/1.1" 200 3342
"GET /static/admin/js/calendar.js HTTP/1.1" 200 9141
"GET /static/admin/js/admin/DateTimeShortcuts.js HTTP/1.1" 200 19319
"GET /static/admin/img/icon-deletelink.svg HTTP/1.1" 200 392
"GET /static/admin/img/icon-clock.svg HTTP/1.1" 200 677
"GET /static/admin/img/icon-calendar.svg HTTP/1.1" 200 1086
C:\Users\loqmo\OneDrive\Desktop\Invoicemanagement\Invoice\models.py changed, reloading.
Watching for file changes with StatReloader
"GET /documents/3/delete/ HTTP/1.1" 200 10305
"POST /documents/3/delete/ HTTP/1.1" 302 0
"GET /invoices/ HTTP/1.1" 200 14138
"GET /quotations/ HTTP/1.1" 200 18182
"GET /documents/2/ HTTP/1.1" 200 20503
"GET /quotations/2/convert/ HTTP/1.1" 200 10975
"POST /quotations/2/convert/ HTTP/1.1" 302 0
"GET /documents/4/ HTTP/1.1" 200 20082
"GET /documents/4/preview/ HTTP/1.1" 200 12161
C:\Users\loqmo\OneDrive\Desktop\Invoicemanagement\Invoice\models.py changed, reloading.
Watching for file changes with StatReloader
"GET /documents/4/ HTTP/1.1" 200 19625
"GET /documents/4/preview/ HTTP/1.1" 200 12161
"GET /documents/4/delete/ HTTP/1.1" 200 10317
"POST /documents/4/delete/ HTTP/1.1" 302 0
"GET /invoices/ HTTP/1.1" 200 14150
"GET /invoices/create/ HTTP/1.1" 200 34124
"GET /quotations/ HTTP/1.1" 200 18182
"GET /documents/2/ HTTP/1.1" 200 21232
"GET /quotations/2/convert/ HTTP/1.1" 200 10975
"POST /quotations/2/convert/ HTTP/1.1" 302 0
"GET /documents/5/ HTTP/1.1" 200 20082
"GET /documents/5/preview/ HTTP/1.1" 200 12161
"GET /admin/Invoice/document/3/change/ HTTP/1.1" 302 0
"GET /admin/ HTTP/1.1" 200 9920
"GET /static/admin/img/icon-yes.svg HTTP/1.1" 200 436
"GET /admin/Invoice/document/ HTTP/1.1" 200 12061
"GET /admin/jsi18n/ HTTP/1.1" 200 3342
"GET /admin/Invoice/document/5/change/ HTTP/1.1" 200 35691
"GET /admin/jsi18n/ HTTP/1.1" 200 3342
C:\Users\loqmo\OneDrive\Desktop\Invoicemanagement\Invoice\models.py changed, reloading.
Watching for file changes with StatReloader
"GET /documents/5/delete/ HTTP/1.1" 200 10317
"POST /documents/5/delete/ HTTP/1.1" 302 0
"GET /invoices/ HTTP/1.1" 200 14150
"GET /quotations/ HTTP/1.1" 200 18182
"GET /documents/2/ HTTP/1.1" 200 21961
"GET /quotations/2/convert/ HTTP/1.1" 200 10975
"POST /quotations/2/convert/ HTTP/1.1" 302 0
"GET /documents/6/ HTTP/1.1" 200 20082
"GET /documents/6/preview/ HTTP/1.1" 200 12181
"GET /documents/6/preview/ HTTP/1.1" 200 12902
"GET /static/images/ HTTP/1.1" 404 1948
"GET /documents/6/preview/ HTTP/1.1" 200 12902
"GET /static/images/ HTTP/1.1" 404 1948
"GET /documents/6/preview/ HTTP/1.1" 200 12902
"GET /static/images/ HTTP/1.1" 404 1948
"GET /documents/6/preview/ HTTP/1.1" 200 12902
"GET /static/images/ HTTP/1.1" 404 1948
"GET /documents/6/preview/ HTTP/1.1" 200 12919
"GET /static/images/company-stamp.png HTTP/1.1" 404 1999
Not Found: /.well-known/appspecific/com.chrome.devtools.json
"GET /.well-known/appspecific/com.chrome.devtools.json HTTP/1.1" 404 9438
"GET //static/images/company-stamp.png HTTP/1.1" 404 1999
Not Found: /.well-known/appspecific/com.chrome.devtools.json
"GET /.well-known/appspecific/com.chrome.devtools.json HTTP/1.1" 404 9438
"GET //static/images/company-stamp.png HTTP/1.1" 404 1999
Not Found: /.well-known/appspecific/com.chrome.devtools.json
"GET /.well-known/appspecific/com.chrome.devtools.json HTTP/1.1" 404 9438
Not Found: /.well-known/appspecific/com.chrome.devtools.json
"GET /.well-known/appspecific/com.chrome.devtools.json HTTP/1.1" 404 9438
"GET /documents/6/preview/ HTTP/1.1" 200 12928
Not Found: /.well-known/appspecific/com.chrome.devtools.json
"GET /static/invoices/images/company-stamp.png HTTP/1.1" 404 2026
"GET /.well-known/appspecific/com.chrome.devtools.json HTTP/1.1" 404 9438
"GET //static/invoices/images/company-stamp.png HTTP/1.1" 404 2026
Not Found: /.well-known/appspecific/com.chrome.devtools.json
"GET /.well-known/appspecific/com.chrome.devtools.json HTTP/1.1" 404 9438
"GET /static/invoices/images/company-stamp.png HTTP/1.1" 404 2026
Not Found: /.well-known/appspecific/com.chrome.devtools.json
"GET /.well-known/appspecific/com.chrome.devtools.json HTTP/1.1" 404 9438
Watching for file changes with StatReloader
"GET /static/invoices/images/company-stamp.png HTTP/1.1" 200 233443
Not Found: /.well-known/appspecific/com.chrome.devtools.json
"GET /.well-known/appspecific/com.chrome.devtools.json HTTP/1.1" 404 9438
Not Found: /.well-known/appspecific/com.chrome.devtools.json
"GET /.well-known/appspecific/com.chrome.devtools.json HTTP/1.1" 404 9438
Not Found: /.well-known/appspecific/com.chrome.devtools.json
"GET /.well-known/appspecific/com.chrome.devtools.json HTTP/1.1" 404 9438
"GET /documents/6/preview/ HTTP/1.1" 200 13069
Not Found: /.well-known/appspecific/com.chrome.devtools.json
"GET /.well-known/appspecific/com.chrome.devtools.json HTTP/1.1" 404 9438
"GET /static/invoices/images/company-stamp.png HTTP/1.1" 304 0
"GET /static/invoices/images/logo.png HTTP/1.1" 200 45118
"GET /documents/6/preview/ HTTP/1.1" 200 12181
Not Found: /.well-known/appspecific/com.chrome.devtools.json
"GET /.well-known/appspecific/com.chrome.devtools.json HTTP/1.1" 404 9438
Internal Server Error: /documents/6/preview/
Traceback (most recent call last):
  File "C:\Users\loqmo\AppData\Local\Programs\Python\Python313\Lib\site-packages\django\template\base.py", line 510, in parse
    compile_func = self.tags[command]
                   ~~~~~~~~~^^^^^^^^^
KeyError: 'static'

During handling of the above exception, another exception occurred:

Traceback (most recent call last):
  File "C:\Users\loqmo\AppData\Local\Programs\Python\Python313\Lib\site-packages\django\core\handlers\exception.py", line 55, in inner
    response = get_response(request)
  File "C:\Users\loqmo\AppData\Local\Programs\Python\Python313\Lib\site-packages\django\core\handlers\base.py", line 197, in _get_response
    response = wrapped_callback(request, *callback_args, **callback_kwargs)
  File "C:\Users\loqmo\AppData\Local\Programs\Python\Python313\Lib\site-packages\django\contrib\auth\decorators.py", line 59, in _view_wrapper
    return view_func(request, *args, **kwargs)
  File "C:\Users\loqmo\OneDrive\Desktop\Invoicemanagement\Invoice\views.py", line 553, in document_preview
    return render(request, template, {
        'document': document,
        'company': company,
    })
  File "C:\Users\loqmo\AppData\Local\Programs\Python\Python313\Lib\site-packages\django\shortcuts.py", line 25, in render
    content = loader.render_to_string(template_name, context, request, using=using)
  File "C:\Users\loqmo\AppData\Local\Programs\Python\Python313\Lib\site-packages\django\template\loader.py", line 61, in render_to_string
    template = get_template(template_name, using=using)
  File "C:\Users\loqmo\AppData\Local\Programs\Python\Python313\Lib\site-packages\django\template\loader.py", line 15, in get_template
    return engine.get_template(template_name)
           ~~~~~~~~~~~~~~~~~~~^^^^^^^^^^^^^^^
  File "C:\Users\loqmo\AppData\Local\Programs\Python\Python313\Lib\site-packages\django\template\backends\django.py", line 79, in get_template
    return Template(self.engine.get_template(template_name), self)
                    ~~~~~~~~~~~~~~~~~~~~~~~~^^^^^^^^^^^^^^^
  File "C:\Users\loqmo\AppData\Local\Programs\Python\Python313\Lib\site-packages\django\template\engine.py", line 177, in get_template
    template, origin = self.find_template(template_name)
                       ~~~~~~~~~~~~~~~~~~^^^^^^^^^^^^^^^
  File "C:\Users\loqmo\AppData\Local\Programs\Python\Python313\Lib\site-packages\django\template\engine.py", line 159, in find_template
    template = loader.get_template(name, skip=skip)
  File "C:\Users\loqmo\AppData\Local\Programs\Python\Python313\Lib\site-packages\django\template\loaders\cached.py", line 57, in get_template
    template = super().get_template(template_name, skip)
  File "C:\Users\loqmo\AppData\Local\Programs\Python\Python313\Lib\site-packages\django\template\loaders\base.py", line 28, in get_template
    return Template(
        contents,
    ...<2 lines>...
        self.engine,
    )
  File "C:\Users\loqmo\AppData\Local\Programs\Python\Python313\Lib\site-packages\django\template\base.py", line 154, in __init__
    self.nodelist = self.compile_nodelist()
                    ~~~~~~~~~~~~~~~~~~~~~^^
  File "C:\Users\loqmo\AppData\Local\Programs\Python\Python313\Lib\site-packages\django\template\base.py", line 196, in compile_nodelist
    nodelist = parser.parse()
  File "C:\Users\loqmo\AppData\Local\Programs\Python\Python313\Lib\site-packages\django\template\base.py", line 512, in parse
    self.invalid_block_tag(token, command, parse_until)
    ~~~~~~~~~~~~~~~~~~~~~~^^^^^^^^^^^^^^^^^^^^^^^^^^^^^
  File "C:\Users\loqmo\AppData\Local\Programs\Python\Python313\Lib\site-packages\django\template\base.py", line 577, in invalid_block_tag
    raise self.error(
    ...<3 lines>...
    )
django.template.exceptions.TemplateSyntaxError: Invalid block tag on line 293: 'static'. Did you forget to register or load this tag?
"GET /documents/6/preview/ HTTP/1.1" 500 184406
Not Found: /.well-known/appspecific/com.chrome.devtools.json
"GET /.well-known/appspecific/com.chrome.devtools.json HTTP/1.1" 404 9438
"GET /documents/6/preview/ HTTP/1.1" 200 12940
Not Found: /.well-known/appspecific/com.chrome.devtools.json
"GET /.well-known/appspecific/com.chrome.devtools.json HTTP/1.1" 404 9438
"GET /static/invoices/images/logo.png HTTP/1.1" 304 0
"GET /static/invoices/images/company-stamp.png HTTP/1.1" 304 0
"GET /quotations/ HTTP/1.1" 200 17854
"GET /documents/2/ HTTP/1.1" 200 22773
"GET /documents/2/preview/ HTTP/1.1" 200 13123
"GET /static/invoices/images/logo.png HTTP/1.1" 304 0
"GET /documents/2/preview/ HTTP/1.1" 200 11673
"GET /static/invoices/images/logo.png HTTP/1.1" 304 0
"GET /static/invoices/images/company-stamp.png HTTP/1.1" 304 0
"GET /documents/2/preview/ HTTP/1.1" 200 11885
"GET /documents/2/preview/ HTTP/1.1" 200 11854
"GET /documents/2/preview/ HTTP/1.1" 200 11865
"GET /documents/2/preview/ HTTP/1.1" 200 11854
"GET /documents/2/preview/ HTTP/1.1" 200 11865
"GET /documents/2/preview/ HTTP/1.1" 200 15488
"GET /static/invoices/images/company-stamp.png HTTP/1.1" 304 0
"GET /static/invoices/images/logo.png HTTP/1.1" 304 0
Internal Server Error: /documents/2/preview/
Traceback (most recent call last):
  File "C:\Users\loqmo\AppData\Local\Programs\Python\Python313\Lib\site-packages\django\core\handlers\exception.py", line 55, in inner
    response = get_response(request)
  File "C:\Users\loqmo\AppData\Local\Programs\Python\Python313\Lib\site-packages\django\core\handlers\base.py", line 197, in _get_response
    response = wrapped_callback(request, *callback_args, **callback_kwargs)
  File "C:\Users\loqmo\AppData\Local\Programs\Python\Python313\Lib\site-packages\django\contrib\auth\decorators.py", line 59, in _view_wrapper
    return view_func(request, *args, **kwargs)
  File "C:\Users\loqmo\OneDrive\Desktop\Invoicemanagement\Invoice\views.py", line 553, in document_preview
    return render(request, template, {
        'document': document,
        'company': company,
    })
  File "C:\Users\loqmo\AppData\Local\Programs\Python\Python313\Lib\site-packages\django\shortcuts.py", line 25, in render
    content = loader.render_to_string(template_name, context, request, using=using)
  File "C:\Users\loqmo\AppData\Local\Programs\Python\Python313\Lib\site-packages\django\template\loader.py", line 61, in render_to_string
    template = get_template(template_name, using=using)
  File "C:\Users\loqmo\AppData\Local\Programs\Python\Python313\Lib\site-packages\django\template\loader.py", line 15, in get_template
    return engine.get_template(template_name)
           ~~~~~~~~~~~~~~~~~~~^^^^^^^^^^^^^^^
  File "C:\Users\loqmo\AppData\Local\Programs\Python\Python313\Lib\site-packages\django\template\backends\django.py", line 79, in get_template
    return Template(self.engine.get_template(template_name), self)
                    ~~~~~~~~~~~~~~~~~~~~~~~~^^^^^^^^^^^^^^^
  File "C:\Users\loqmo\AppData\Local\Programs\Python\Python313\Lib\site-packages\django\template\engine.py", line 177, in get_template
    template, origin = self.find_template(template_name)
                       ~~~~~~~~~~~~~~~~~~^^^^^^^^^^^^^^^
  File "C:\Users\loqmo\AppData\Local\Programs\Python\Python313\Lib\site-packages\django\template\engine.py", line 159, in find_template
    template = loader.get_template(name, skip=skip)
  File "C:\Users\loqmo\AppData\Local\Programs\Python\Python313\Lib\site-packages\django\template\loaders\cached.py", line 57, in get_template
    template = super().get_template(template_name, skip)
  File "C:\Users\loqmo\AppData\Local\Programs\Python\Python313\Lib\site-packages\django\template\loaders\base.py", line 28, in get_template
    return Template(
        contents,
    ...<2 lines>...
        self.engine,
    )
  File "C:\Users\loqmo\AppData\Local\Programs\Python\Python313\Lib\site-packages\django\template\base.py", line 154, in __init__
    self.nodelist = self.compile_nodelist()
                    ~~~~~~~~~~~~~~~~~~~~~^^
  File "C:\Users\loqmo\AppData\Local\Programs\Python\Python313\Lib\site-packages\django\template\base.py", line 196, in compile_nodelist
    nodelist = parser.parse()
  File "C:\Users\loqmo\AppData\Local\Programs\Python\Python313\Lib\site-packages\django\template\base.py", line 518, in parse
    raise self.error(token, e)
  File "C:\Users\loqmo\AppData\Local\Programs\Python\Python313\Lib\site-packages\django\template\base.py", line 516, in parse
    compiled_result = compile_func(self, token)
  File "C:\Users\loqmo\AppData\Local\Programs\Python\Python313\Lib\site-packages\django\template\defaulttags.py", line 961, in do_if
    condition = TemplateIfParser(parser, bits).parse()
  File "C:\Users\loqmo\AppData\Local\Programs\Python\Python313\Lib\site-packages\django\template\smartif.py", line 195, in parse
    retval = self.expression()
  File "C:\Users\loqmo\AppData\Local\Programs\Python\Python313\Lib\site-packages\django\template\smartif.py", line 210, in expression
    left = t.led(left, self)
  File "C:\Users\loqmo\AppData\Local\Programs\Python\Python313\Lib\site-packages\django\template\smartif.py", line 56, in led
    self.second = parser.expression(bp)
                  ~~~~~~~~~~~~~~~~~^^^^
  File "C:\Users\loqmo\AppData\Local\Programs\Python\Python313\Lib\site-packages\django\template\smartif.py", line 206, in expression
    left = t.nud(self)
  File "C:\Users\loqmo\AppData\Local\Programs\Python\Python313\Lib\site-packages\django\template\smartif.py", line 149, in nud
    raise parser.error_class("Unexpected end of expression in if tag.")
django.template.exceptions.TemplateSyntaxError: Unexpected end of expression in if tag.
"GET /documents/2/preview/ HTTP/1.1" 500 201184
"GET /documents/2/preview/ HTTP/1.1" 200 13992
"GET /documents/2/preview/ HTTP/1.1" 200 18274
"GET /static/invoices/images/logo.png HTTP/1.1" 304 0
"GET /documents/2/preview/ HTTP/1.1" 200 16778
"GET /static/invoices/images/company-stamp.png HTTP/1.1" 304 0
"GET /invoices/ HTTP/1.1" 200 16383
"GET /documents/6/ HTTP/1.1" 200 19625
"GET /documents/6/preview/ HTTP/1.1" 200 16575
